<?xml version="1.0" encoding="UTF-8"?>
<!-- Generated by org.testng.reporters.JUnitReportReporter -->
<testsuite skipped="0" hostname="Youngs-MacBook-Pro.local" name="main.java.com.dbyl.tests.loginTest" tests="1" failures="0" timestamp="24 Apr 2017 13:43:21 GMT" time="21.542" errors="1">
  <testcase name="loginByUerName" time="21.542" classname="main.java.com.dbyl.tests.loginTest">
    <error type="org.openqa.selenium.TimeoutException" message="Expected condition failed: waiting for main.java.com.dbyl.libarary.utils.BasePage$2@1a1aead5 (tried for 3 second(s) with 500 MILLISECONDS interval)">
      <![CDATA[org.openqa.selenium.TimeoutException: Expected condition failed: waiting for main.java.com.dbyl.libarary.utils.BasePage$2@1a1aead5 (tried for 3 second(s) with 500 MILLISECONDS interval)
	at org.openqa.selenium.support.ui.WebDriverWait.timeoutException(WebDriverWait.java:80)
	at org.openqa.selenium.support.ui.FluentWait.until(FluentWait.java:232)
	at main.java.com.dbyl.libarary.utils.BasePage.findElement(BasePage.java:284)
	at main.java.com.dbyl.libarary.utils.BasePage.click(BasePage.java:111)
	at main.java.com.dbyl.libarary.pageAction.LoginPage.switchToLogin(LoginPage.java:42)
	at main.java.com.dbyl.libarary.pageAction.LoginPage.typeUserName(LoginPage.java:48)
	at main.java.com.dbyl.libarary.action.CommonLogin.login(CommonLogin.java:24)
	at main.java.com.dbyl.libarary.action.CommonLogin.login(CommonLogin.java:33)
	at main.java.com.dbyl.libarary.action.ViewHomePage.viewMyProfile(ViewHomePage.java:26)
	at main.java.com.dbyl.tests.loginTest.loginByUerName(loginTest.java:29)
	at sun.reflect.NativeMethodAccessorImpl.invoke0(Native Method)
	at sun.reflect.NativeMethodAccessorImpl.invoke(NativeMethodAccessorImpl.java:62)
	at sun.reflect.DelegatingMethodAccessorImpl.invoke(DelegatingMethodAccessorImpl.java:43)
	at java.lang.reflect.Method.invoke(Method.java:498)
	at org.testng.internal.MethodInvocationHelper.invokeMethod(MethodInvocationHelper.java:108)
	at org.testng.internal.Invoker.invokeMethod(Invoker.java:661)
	at org.testng.internal.Invoker.invokeTestMethod(Invoker.java:869)
	at org.testng.internal.Invoker.invokeTestMethods(Invoker.java:1193)
	at org.testng.internal.TestMethodWorker.invokeTestMethods(TestMethodWorker.java:126)
	at org.testng.internal.TestMethodWorker.run(TestMethodWorker.java:109)
	at java.util.concurrent.ThreadPoolExecutor.runWorker(ThreadPoolExecutor.java:1142)
	at java.util.concurrent.ThreadPoolExecutor$Worker.run(ThreadPoolExecutor.java:617)
	at java.lang.Thread.run(Thread.java:745)
Caused by: org.openqa.selenium.NoSuchElementException: Unable to locate element: clickToLoginButton
For documentation on this error, please visit: http://seleniumhq.org/exceptions/no_such_element.html
Build info: version: 'unknown', revision: 'unknown', time: 'unknown'
System info: host: 'Youngs-MacBook-Pro.local', ip: 'fe80:0:0:0:80e:d44b:aaa4:62ed%en0', os.name: 'Mac OS X', os.arch: 'x86_64', os.version: '10.12.4', java.version: '1.8.0_121'
Driver info: org.openqa.selenium.firefox.FirefoxDriver
Capabilities [{moz:profile=/var/folders/1l/ltc3srb95111q7lgg9qz2yd40000gn/T/rust_mozprofile.rxwyVYubmvAc, rotatable=false, timeouts={implicit=0.0, page load=300000.0, script=30000.0}, pageLoadStrategy=normal, platform=ANY, specificationLevel=0.0, moz:accessibilityChecks=false, acceptInsecureCerts=true, browserVersion=52.0.2, platformVersion=16.5.0, moz:processID=1597.0, browserName=firefox, javascriptEnabled=true, platformName=darwin}]
Session ID: a5b07ca7-89c8-dc49-ac64-3eec31ff9aa3
*** Element info: {Using=xpath, value=clickToLoginButton}
	at sun.reflect.NativeConstructorAccessorImpl.newInstance0(Native Method)
	at sun.reflect.NativeConstructorAccessorImpl.newInstance(NativeConstructorAccessorImpl.java:62)
	at sun.reflect.DelegatingConstructorAccessorImpl.newInstance(DelegatingConstructorAccessorImpl.java:45)
	at java.lang.reflect.Constructor.newInstance(Constructor.java:423)
	at org.openqa.selenium.remote.http.W3CHttpResponseCodec.createException(W3CHttpResponseCodec.java:150)
	at org.openqa.selenium.remote.http.W3CHttpResponseCodec.decode(W3CHttpResponseCodec.java:115)
	at org.openqa.selenium.remote.http.W3CHttpResponseCodec.decode(W3CHttpResponseCodec.java:45)
	at org.openqa.selenium.remote.HttpCommandExecutor.execute(HttpCommandExecutor.java:164)
	at org.openqa.selenium.remote.service.DriverCommandExecutor.execute(DriverCommandExecutor.java:82)
	at org.openqa.selenium.remote.RemoteWebDriver.execute(RemoteWebDriver.java:637)
	at org.openqa.selenium.remote.RemoteWebDriver.findElement(RemoteWebDriver.java:410)
	at org.openqa.selenium.remote.RemoteWebDriver.findElementByXPath(RemoteWebDriver.java:509)
	at org.openqa.selenium.By$ByXPath.findElement(By.java:361)
	at org.openqa.selenium.remote.RemoteWebDriver.findElement(RemoteWebDriver.java:402)
	at main.java.com.dbyl.libarary.utils.BasePage.getElement(BasePage.java:193)
	at main.java.com.dbyl.libarary.utils.BasePage$2.apply(BasePage.java:289)
	at main.java.com.dbyl.libarary.utils.BasePage$2.apply(BasePage.java:1)
	at org.openqa.selenium.support.ui.FluentWait.until(FluentWait.java:209)
	... 21 more
]]>
    </error>
  </testcase> <!-- loginByUerName -->
</testsuite> <!-- main.java.com.dbyl.tests.loginTest -->
